Heed:
    Database path: /lustrehome/antonellopellecchia/programs/garfield/Heed/heed++/database

**************************************************************
 Geant4 version Name: geant4-10-06    (6-December-2019)
                       Copyright : Geant4 Collaboration
                      References : NIM A 506 (2003), 250-303
                                 : IEEE-TNS 53 (2006), 270-278
                                 : NIM A 835 (2016), 186-225
                             WWW : http://geant4.org/
**************************************************************


-------- WWWW ------- G4Exception-START -------- WWWW -------
*** G4Exception : Run0202
      issued by : G4VModularPhysicsList::RegisterPhysics
Duplicate type for G4EmStandard
*** This is just a warning message. ***
-------- WWWW -------- G4Exception-END --------- WWWW -------

MediumMagboltz::SetComposition:
    Ar/CO2 (70/30)
Finished ReadSpectrumData()
0x5a5dd70
Visualization Manager instantiating with verbosity "warnings (3)"...
Visualization Manager initialising...
Registering graphics systems...

You have successfully registered the following graphics systems.
Current available graphics systems are:
ASCIITree (ATree)
DAWNFILE (DAWNFILE)
G4HepRep (HepRepXML)
G4HepRepFile (HepRepFile)
RayTracer (RayTracer)
VRML1FILE (VRML1FILE)
VRML2FILE (VRML2FILE)
gMocrenFile (gMocrenFile)

Registering model factories...

You have successfully registered the following model factories.
Registered model factories:
  generic
  drawByAttribute
  drawByCharge
  drawByOriginVolume
  drawByParticleID
  drawByEncounteredVolume

Registered filter factories:
  attributeFilter
  chargeFilter
  originVolumeFilter
  particleFilter
  encounteredVolumeFilter

You have successfully registered the following user vis actions.
Run Duration User Vis Actions: none
End of Event User Vis Actions: none
End of Run User Vis Actions: none

Some /vis commands (optionally) take a string to specify colour.
"/vis/list" to see available colours.
/run/verbose 1
/event/verbose 0
/tracking/verbose 0
/run/initialize

The materials defined are: 


***** Table : Nb of materials = 3 *****

 Material:   G4_AIR    density:  1.205 mg/cm3  RadL: 303.921 m    Nucl.Int.Length: 710.095 m  
                       Imean:  85.700 eV   temperature: 293.15 K  pressure:   1.00 atm

   --->  Element: C (C)   Z =  6.0   N =    12   A = 12.011 g/mole
         --->  Isotope:   C12   Z =  6   N =  12   A =  12.00 g/mole   abundance: 98.930 %
         --->  Isotope:   C13   Z =  6   N =  13   A =  13.00 g/mole   abundance:  1.070 %
          ElmMassFraction:   0.01 %  ElmAbundance   0.02 % 

   --->  Element: N (N)   Z =  7.0   N =    14   A = 14.007 g/mole
         --->  Isotope:   N14   Z =  7   N =  14   A =  14.00 g/mole   abundance: 99.632 %
         --->  Isotope:   N15   Z =  7   N =  15   A =  15.00 g/mole   abundance:  0.368 %
          ElmMassFraction:  75.53 %  ElmAbundance  78.44 % 

   --->  Element: O (O)   Z =  8.0   N =    16   A = 15.999 g/mole
         --->  Isotope:   O16   Z =  8   N =  16   A =  15.99 g/mole   abundance: 99.757 %
         --->  Isotope:   O17   Z =  8   N =  17   A =  17.00 g/mole   abundance:  0.038 %
         --->  Isotope:   O18   Z =  8   N =  18   A =  18.00 g/mole   abundance:  0.205 %
          ElmMassFraction:  23.18 %  ElmAbundance  21.07 % 

   --->  Element: Ar (Ar)   Z = 18.0   N =    40   A = 39.948 g/mole
         --->  Isotope:  Ar36   Z = 18   N =  36   A =  35.97 g/mole   abundance:  0.337 %
         --->  Isotope:  Ar38   Z = 18   N =  38   A =  37.96 g/mole   abundance:  0.063 %
         --->  Isotope:  Ar40   Z = 18   N =  40   A =  39.96 g/mole   abundance: 99.600 %
          ElmMassFraction:   1.28 %  ElmAbundance   0.47 % 


 Material:    G4_Ar    density:  1.662 mg/cm3  RadL: 117.621 m    Nucl.Int.Length: 719.888 m  
                       Imean: 188.000 eV   temperature: 293.15 K  pressure:   1.00 atm

   --->  Element: Ar (Ar)   Z = 18.0   N =    40   A = 39.948 g/mole
         --->  Isotope:  Ar36   Z = 18   N =  36   A =  35.97 g/mole   abundance:  0.337 %
         --->  Isotope:  Ar38   Z = 18   N =  38   A =  37.96 g/mole   abundance:  0.063 %
         --->  Isotope:  Ar40   Z = 18   N =  40   A =  39.96 g/mole   abundance: 99.600 %
          ElmMassFraction: 100.00 %  ElmAbundance 100.00 % 


 Material: G4_PLASTIC_SC_VINYLTOLUENE    density:  1.032 g/cm3   RadL:  42.544 cm   Nucl.Int.Length:  69.969 cm 
                       Imean:  64.700 eV   temperature: 293.15 K  pressure:   1.00 atm

   --->  Element: C (C)   Z =  6.0   N =    12   A = 12.011 g/mole
         --->  Isotope:   C12   Z =  6   N =  12   A =  12.00 g/mole   abundance: 98.930 %
         --->  Isotope:   C13   Z =  6   N =  13   A =  13.00 g/mole   abundance:  1.070 %
          ElmMassFraction:  91.47 %  ElmAbundance  47.37 % 

   --->  Element: H (H)   Z =  1.0   N =     1   A =  1.008 g/mole
         --->  Isotope:    H1   Z =  1   N =   1   A =   1.01 g/mole   abundance: 99.989 %
         --->  Isotope:    H2   Z =  1   N =   2   A =   2.01 g/mole   abundance:  0.011 %
          ElmMassFraction:   8.53 %  ElmAbundance  52.63 % 



Checking overlaps for volume Envelope (G4Box) ... OK! 
Checking overlaps for volume CopperPhysical (G4Box) ... OK! 
Checking overlaps for volume FR4Physical (G4Box) ... OK! 
Checking overlaps for volume CathodePhysical (G4Box) ... OK! 

-------- WWWW ------- G4Exception-START -------- WWWW -------
*** G4Exception : em0044
      issued by : G4VEmProcess::SetMaxKinEnergy
Parameter is out of range: 0 it will have no effect!
  Process nuclearStopping  nbins= 84 Emin(keV)= 0.1 Emax(GeV)= 100000
*** This is just a warning message. ***
-------- WWWW -------- G4Exception-END --------- WWWW -------

constructing physics process
### WARNING: G4EmProcessOptions class is obsolete and will be removed in the next public release 
    Please, try to use G4EmParameters class and/or UI interface to EM parameters
/run/beamOn 10000000

========= Table of registered couples ==============================

Index : 0     used in the geometry : Yes
 Material : G4_AIR
 Range cuts        :  gamma  100 um     e-  1 mm     e+  1 mm  proton 1 mm 
 Energy thresholds :  gamma  990 eV     e-  990 eV     e+  990 eV  proton 100 keV
 Region(s) which use this couple : 
    DefaultRegionForTheWorld

Index : 1     used in the geometry : Yes
 Material : Copper
 Range cuts        :  gamma  100 um     e-  1 mm     e+  1 mm  proton 1 mm 
 Energy thresholds :  gamma  7.33405 keV    e-  1.39534 MeV    e+  1.31345 MeV proton 100 keV
 Region(s) which use this couple : 
    DefaultRegionForTheWorld

Index : 2     used in the geometry : Yes
 Material : FR4
 Range cuts        :  gamma  100 um     e-  1 mm     e+  1 mm  proton 1 mm 
 Energy thresholds :  gamma  1.55301 keV    e-  502.425 keV    e+  485.824 keV proton 100 keV
 Region(s) which use this couple : 
    DefaultRegionForTheWorld

====================================================================

G4VisManager: Using G4TrajectoryDrawByCharge as fallback trajectory model.
See commands in /vis/modeling/trajectories/ for other options.
### Run 0 starts.

0/10000000		
Sensor::SetArea:
    -5 < x [cm] < 5
    -5 < y [cm] < 5
    -0.15 < z [cm] < 0.15
10000/10000000		
20000/10000000		
30000/10000000		
40000/10000000		
50000/10000000		
60000/10000000		
70000/10000000		
80000/10000000		
90000/10000000		
100000/10000000		
110000/10000000		
120000/10000000		
130000/10000000		
140000/10000000		
150000/10000000		
160000/10000000		
170000/10000000		
180000/10000000		
190000/10000000		
200000/10000000		
210000/10000000		
220000/10000000		
230000/10000000		
240000/10000000		
250000/10000000		
260000/10000000		
270000/10000000		
280000/10000000		
290000/10000000		
300000/10000000		
310000/10000000		
320000/10000000		
330000/10000000		
340000/10000000		
350000/10000000		
360000/10000000		
370000/10000000		
380000/10000000		
390000/10000000		
400000/10000000		
410000/10000000		
420000/10000000		
430000/10000000		
440000/10000000		
450000/10000000		
460000/10000000		
470000/10000000		
480000/10000000		
490000/10000000		
500000/10000000		
510000/10000000		
520000/10000000		
530000/10000000		
540000/10000000		
550000/10000000		
560000/10000000		
570000/10000000		
580000/10000000		
590000/10000000		
600000/10000000		
610000/10000000		
620000/10000000		
630000/10000000		
640000/10000000		
650000/10000000		
660000/10000000		
670000/10000000		
680000/10000000		
690000/10000000		
700000/10000000		
710000/10000000		
720000/10000000		
730000/10000000		
740000/10000000		
750000/10000000		
760000/10000000		
770000/10000000		
780000/10000000		
790000/10000000		
800000/10000000		
810000/10000000		
820000/10000000		
830000/10000000		
840000/10000000		
850000/10000000		
860000/10000000		
870000/10000000		
880000/10000000		
890000/10000000		
900000/10000000		
910000/10000000		
920000/10000000		
930000/10000000		
940000/10000000		
950000/10000000		
960000/10000000		
970000/10000000		
980000/10000000		
990000/10000000		
1000000/10000000		
1010000/10000000		
1020000/10000000		
1030000/10000000		
1040000/10000000		
1050000/10000000		
1060000/10000000		
1070000/10000000		
1080000/10000000		
1090000/10000000		
1100000/10000000		
1110000/10000000		
1120000/10000000		
1130000/10000000		
1140000/10000000		
1150000/10000000		
1160000/10000000		
1170000/10000000		
1180000/10000000		
1190000/10000000		
1200000/10000000		
1210000/10000000		
1220000/10000000		
1230000/10000000		
1240000/10000000		
1250000/10000000		
1260000/10000000		
1270000/10000000		
1280000/10000000		
1290000/10000000		
1300000/10000000		
1310000/10000000		
1320000/10000000		
1330000/10000000		
1340000/10000000		
1350000/10000000		
1360000/10000000		
1370000/10000000		
1380000/10000000		
1390000/10000000		
1400000/10000000		
1410000/10000000		
1420000/10000000		
1430000/10000000		
1440000/10000000		
1450000/10000000		
1460000/10000000		
1470000/10000000		
1480000/10000000		
1490000/10000000		
1500000/10000000		
1510000/10000000		
1520000/10000000		
1530000/10000000		
1540000/10000000		
1550000/10000000		
1560000/10000000		
1570000/10000000		
1580000/10000000		
1590000/10000000		
1600000/10000000		
1610000/10000000		
1620000/10000000		
1630000/10000000		
1640000/10000000		
1650000/10000000		
1660000/10000000		
1670000/10000000		
1680000/10000000		
1690000/10000000		
1700000/10000000		
1710000/10000000		
1720000/10000000		
1730000/10000000		
1740000/10000000		
1750000/10000000		
1760000/10000000		
1770000/10000000		
1780000/10000000		
1790000/10000000		
1800000/10000000		
1810000/10000000		
1820000/10000000		
1830000/10000000		
1840000/10000000		
1850000/10000000		
1860000/10000000		
1870000/10000000		
1880000/10000000		
1890000/10000000		
1900000/10000000		
1910000/10000000		
1920000/10000000		
1930000/10000000		
1940000/10000000		
1950000/10000000		
1960000/10000000		
1970000/10000000		
1980000/10000000		
1990000/10000000		
2000000/10000000		
2010000/10000000		
2020000/10000000		
2030000/10000000		
2040000/10000000		
2050000/10000000		
2060000/10000000		
2070000/10000000		
2080000/10000000		
2090000/10000000		
2100000/10000000		
2110000/10000000		
2120000/10000000		
2130000/10000000		
2140000/10000000		
2150000/10000000		
2160000/10000000		
2170000/10000000		
2180000/10000000		
2190000/10000000		
2200000/10000000		
2210000/10000000		
2220000/10000000		
2230000/10000000		
2240000/10000000		
2250000/10000000		
2260000/10000000		
2270000/10000000		
2280000/10000000		
2290000/10000000		
2300000/10000000		
2310000/10000000		
2320000/10000000		
2330000/10000000		
2340000/10000000		
2350000/10000000		
2360000/10000000		
2370000/10000000		
2380000/10000000		
2390000/10000000		
2400000/10000000		
2410000/10000000		
2420000/10000000		
2430000/10000000		
2440000/10000000		
2450000/10000000		
2460000/10000000		
2470000/10000000		
2480000/10000000		
2490000/10000000		
2500000/10000000		
2510000/10000000		
2520000/10000000		
2530000/10000000		
2540000/10000000		
2550000/10000000		
2560000/10000000		
2570000/10000000		
2580000/10000000		
2590000/10000000		
2600000/10000000		
2610000/10000000		
2620000/10000000		
2630000/10000000		
2640000/10000000		
2650000/10000000		
2660000/10000000		
2670000/10000000		
2680000/10000000		
2690000/10000000		
2700000/10000000		
2710000/10000000		
2720000/10000000		
2730000/10000000		
2740000/10000000		
2750000/10000000		
2760000/10000000		
2770000/10000000		
2780000/10000000		
2790000/10000000		
2800000/10000000		
2810000/10000000		
2820000/10000000		
2830000/10000000		
2840000/10000000		
2850000/10000000		
2860000/10000000		
2870000/10000000		
2880000/10000000		
2890000/10000000		
2900000/10000000		
2910000/10000000		
2920000/10000000		
2930000/10000000		
2940000/10000000		
2950000/10000000		
2960000/10000000		
2970000/10000000		
2980000/10000000		
2990000/10000000		
3000000/10000000		
3010000/10000000		
3020000/10000000		
3030000/10000000		
3040000/10000000		
3050000/10000000		
3060000/10000000		
3070000/10000000		
3080000/10000000		
3090000/10000000		
3100000/10000000		
3110000/10000000		
3120000/10000000		
3130000/10000000		
3140000/10000000		
3150000/10000000		
3160000/10000000		
3170000/10000000		
3180000/10000000		
3190000/10000000		
3200000/10000000		
3210000/10000000		
3220000/10000000		
3230000/10000000		
3240000/10000000		
3250000/10000000		
3260000/10000000		
3270000/10000000		
3280000/10000000		
3290000/10000000		
3300000/10000000		
3310000/10000000		
3320000/10000000		
3330000/10000000		
3340000/10000000		
3350000/10000000		
3360000/10000000		
3370000/10000000		
3380000/10000000		
3390000/10000000		
3400000/10000000		
3410000/10000000		
3420000/10000000		
3430000/10000000		
3440000/10000000		
3450000/10000000		
3460000/10000000		
3470000/10000000		
3480000/10000000		
3490000/10000000		
3500000/10000000		
3510000/10000000		
3520000/10000000		
3530000/10000000		
3540000/10000000		
3550000/10000000		
3560000/10000000		
3570000/10000000		
3580000/10000000		
3590000/10000000		
3600000/10000000		
3610000/10000000		
3620000/10000000		
3630000/10000000		
3640000/10000000		
3650000/10000000		
3660000/10000000		
3670000/10000000		
3680000/10000000		
3690000/10000000		
3700000/10000000		
3710000/10000000		
3720000/10000000		
3730000/10000000		
3740000/10000000		
3750000/10000000		
3760000/10000000		
3770000/10000000		
3780000/10000000		
3790000/10000000		
3800000/10000000		
3810000/10000000		
3820000/10000000		
3830000/10000000		
3840000/10000000		
3850000/10000000		
3860000/10000000		
3870000/10000000		
3880000/10000000		
3890000/10000000		
3900000/10000000		
3910000/10000000		
3920000/10000000		
3930000/10000000		
3940000/10000000		
3950000/10000000		
3960000/10000000		
3970000/10000000		
3980000/10000000		
3990000/10000000		
4000000/10000000		
4010000/10000000		
4020000/10000000		
4030000/10000000		
4040000/10000000		
4050000/10000000		
4060000/10000000		
4070000/10000000		
4080000/10000000		
4090000/10000000		
4100000/10000000		
4110000/10000000		
4120000/10000000		
4130000/10000000		
4140000/10000000		
4150000/10000000		
4160000/10000000		
4170000/10000000		
4180000/10000000		
4190000/10000000		
4200000/10000000		
4210000/10000000		
4220000/10000000		
4230000/10000000		
4240000/10000000		
4250000/10000000		
4260000/10000000		
4270000/10000000		
4280000/10000000		
4290000/10000000		
4300000/10000000		
4310000/10000000		
4320000/10000000		
4330000/10000000		
4340000/10000000		
4350000/10000000		
4360000/10000000		
4370000/10000000		
4380000/10000000		
4390000/10000000		
4400000/10000000		
4410000/10000000		
4420000/10000000		
4430000/10000000		
4440000/10000000		
4450000/10000000		
4460000/10000000		
4470000/10000000		
4480000/10000000		
4490000/10000000		
4500000/10000000		
4510000/10000000		
4520000/10000000		
4530000/10000000		
4540000/10000000		
4550000/10000000		
4560000/10000000		
4570000/10000000		
4580000/10000000		
4590000/10000000		
4600000/10000000		
4610000/10000000		
4620000/10000000		
4630000/10000000		
4640000/10000000		
4650000/10000000		
4660000/10000000		
4670000/10000000		
4680000/10000000		
4690000/10000000		
4700000/10000000		
4710000/10000000		
4720000/10000000		
4730000/10000000		
4740000/10000000		
4750000/10000000		
4760000/10000000		
4770000/10000000		
4780000/10000000		
4790000/10000000		
4800000/10000000		
4810000/10000000		
4820000/10000000		
4830000/10000000		
4840000/10000000		
4850000/10000000		
4860000/10000000		
4870000/10000000		
4880000/10000000		
4890000/10000000		
4900000/10000000		
4910000/10000000		
4920000/10000000		
4930000/10000000		
4940000/10000000		
4950000/10000000		
4960000/10000000		
4970000/10000000		
4980000/10000000		
4990000/10000000		
5000000/10000000		
5010000/10000000		
5020000/10000000		
5030000/10000000		
5040000/10000000		
5050000/10000000		
5060000/10000000		
5070000/10000000		
5080000/10000000		
5090000/10000000		
5100000/10000000		
5110000/10000000		
5120000/10000000		
5130000/10000000		
5140000/10000000		
5150000/10000000		
5160000/10000000		
5170000/10000000		
5180000/10000000		
5190000/10000000		
5200000/10000000		
5210000/10000000		
5220000/10000000		
5230000/10000000		
5240000/10000000		
5250000/10000000		
5260000/10000000		
5270000/10000000		
5280000/10000000		
5290000/10000000		
5300000/10000000		
5310000/10000000		
5320000/10000000		
5330000/10000000		
5340000/10000000		
5350000/10000000		
5360000/10000000		
5370000/10000000		
5380000/10000000		
5390000/10000000		
5400000/10000000		
5410000/10000000		
5420000/10000000		
5430000/10000000		
5440000/10000000		
5450000/10000000		
5460000/10000000		
5470000/10000000		
5480000/10000000		
5490000/10000000		
5500000/10000000		
5510000/10000000		
5520000/10000000		
5530000/10000000		
5540000/10000000		
5550000/10000000		
5560000/10000000		
5570000/10000000		
5580000/10000000		
5590000/10000000		
5600000/10000000		
5610000/10000000		
5620000/10000000		
5630000/10000000		
5640000/10000000		
5650000/10000000		
5660000/10000000		
5670000/10000000		
5680000/10000000		
5690000/10000000		
5700000/10000000		
5710000/10000000		
5720000/10000000		
5730000/10000000		
5740000/10000000		
5750000/10000000		
5760000/10000000		
5770000/10000000		
5780000/10000000		
5790000/10000000		
5800000/10000000		
5810000/10000000		
5820000/10000000		
5830000/10000000		
5840000/10000000		
5850000/10000000		
5860000/10000000		
5870000/10000000		
5880000/10000000		
5890000/10000000		
5900000/10000000		
5910000/10000000		
5920000/10000000		
5930000/10000000		
5940000/10000000		
5950000/10000000		
5960000/10000000		
5970000/10000000		
5980000/10000000		
5990000/10000000		
6000000/10000000		
6010000/10000000		
6020000/10000000		
6030000/10000000		
6040000/10000000		
6050000/10000000		
6060000/10000000		
6070000/10000000		
6080000/10000000		
6090000/10000000		
6100000/10000000		
6110000/10000000		
6120000/10000000		
6130000/10000000		
6140000/10000000		
6150000/10000000		
6160000/10000000		
6170000/10000000		
6180000/10000000		
6190000/10000000		
6200000/10000000		
6210000/10000000		
6220000/10000000		
6230000/10000000		
6240000/10000000		
6250000/10000000		
6260000/10000000		
6270000/10000000		
6280000/10000000		
6290000/10000000		
6300000/10000000		
6310000/10000000		
6320000/10000000		
6330000/10000000		
6340000/10000000		
6350000/10000000		
6360000/10000000		
6370000/10000000		
6380000/10000000		
6390000/10000000		
6400000/10000000		
6410000/10000000		
6420000/10000000		
6430000/10000000		
6440000/10000000		
6450000/10000000		
6460000/10000000		
6470000/10000000		
6480000/10000000		
6490000/10000000		
6500000/10000000		
6510000/10000000		
6520000/10000000		
6530000/10000000		
6540000/10000000		
6550000/10000000		
6560000/10000000		
6570000/10000000		
6580000/10000000		
6590000/10000000		
6600000/10000000		
6610000/10000000		
6620000/10000000		
6630000/10000000		
6640000/10000000		
6650000/10000000		
6660000/10000000		
6670000/10000000		
6680000/10000000		
6690000/10000000		
6700000/10000000		
6710000/10000000		
6720000/10000000		
6730000/10000000		
6740000/10000000		
6750000/10000000		
6760000/10000000		
6770000/10000000		
6780000/10000000		
6790000/10000000		
6800000/10000000		
6810000/10000000		
6820000/10000000		
6830000/10000000		
6840000/10000000		
6850000/10000000		
6860000/10000000		
6870000/10000000		
6880000/10000000		
6890000/10000000		
6900000/10000000		
6910000/10000000		
6920000/10000000		
6930000/10000000		
6940000/10000000		
6950000/10000000		
6960000/10000000		
6970000/10000000		
6980000/10000000		
6990000/10000000		
7000000/10000000		
7010000/10000000		
7020000/10000000		
7030000/10000000		
7040000/10000000		
7050000/10000000		
7060000/10000000		
7070000/10000000		
7080000/10000000		
7090000/10000000		
7100000/10000000		
7110000/10000000		
7120000/10000000		
7130000/10000000		
7140000/10000000		
7150000/10000000		
7160000/10000000		
7170000/10000000		
7180000/10000000		
7190000/10000000		
7200000/10000000		
7210000/10000000		
7220000/10000000		
7230000/10000000		
7240000/10000000		
7250000/10000000		
7260000/10000000		
7270000/10000000		
7280000/10000000		
7290000/10000000		
7300000/10000000		
7310000/10000000		
7320000/10000000		
7330000/10000000		
7340000/10000000		
7350000/10000000		
7360000/10000000		
7370000/10000000		
7380000/10000000		
7390000/10000000		
7400000/10000000		
7410000/10000000		
7420000/10000000		
7430000/10000000		
7440000/10000000		
7450000/10000000		
7460000/10000000		
7470000/10000000		
7480000/10000000		
7490000/10000000		
7500000/10000000		
7510000/10000000		
7520000/10000000		
7530000/10000000		
7540000/10000000		
7550000/10000000		
7560000/10000000		
7570000/10000000		
7580000/10000000		
7590000/10000000		
7600000/10000000		
7610000/10000000		
7620000/10000000		
7630000/10000000		
7640000/10000000		
7650000/10000000		
7660000/10000000		
7670000/10000000		
7680000/10000000		
7690000/10000000		
7700000/10000000		
7710000/10000000		
7720000/10000000		
7730000/10000000		
7740000/10000000		
7750000/10000000		
7760000/10000000		
7770000/10000000		
7780000/10000000		
7790000/10000000		
7800000/10000000		
7810000/10000000		
7820000/10000000		
7830000/10000000		
7840000/10000000		
7850000/10000000		
7860000/10000000		
7870000/10000000		
7880000/10000000		
7890000/10000000		
7900000/10000000		
7910000/10000000		
7920000/10000000		
7930000/10000000		
7940000/10000000		
7950000/10000000		
7960000/10000000		
7970000/10000000		
7980000/10000000		
7990000/10000000		
8000000/10000000		
8010000/10000000		
8020000/10000000		
8030000/10000000		
8040000/10000000		
8050000/10000000		
8060000/10000000		
8070000/10000000		
8080000/10000000		
8090000/10000000		
8100000/10000000		
8110000/10000000		
8120000/10000000		
8130000/10000000		
8140000/10000000		
8150000/10000000		
8160000/10000000		
8170000/10000000		
8180000/10000000		
8190000/10000000		
8200000/10000000		
8210000/10000000		
8220000/10000000		
8230000/10000000		
8240000/10000000		
8250000/10000000		
8260000/10000000		
8270000/10000000		
8280000/10000000		
8290000/10000000		
8300000/10000000		
8310000/10000000		
8320000/10000000		
8330000/10000000		
8340000/10000000		
8350000/10000000		
8360000/10000000		
8370000/10000000		
8380000/10000000		
8390000/10000000		
8400000/10000000		
8410000/10000000		
8420000/10000000		
8430000/10000000		
8440000/10000000		
8450000/10000000		
8460000/10000000		
8470000/10000000		
8480000/10000000		
8490000/10000000		
8500000/10000000		
8510000/10000000		
8520000/10000000		
8530000/10000000		
8540000/10000000		
8550000/10000000		
8560000/10000000		
8570000/10000000		
8580000/10000000		
8590000/10000000		
8600000/10000000		
8610000/10000000		
8620000/10000000		
8630000/10000000		
8640000/10000000		
8650000/10000000		
8660000/10000000		
8670000/10000000		
8680000/10000000		
8690000/10000000		
8700000/10000000		
8710000/10000000		
8720000/10000000		
8730000/10000000		
8740000/10000000		
8750000/10000000		
8760000/10000000		
8770000/10000000		
8780000/10000000		
8790000/10000000		
8800000/10000000		
8810000/10000000		
8820000/10000000		
8830000/10000000		
8840000/10000000		
8850000/10000000		
8860000/10000000		
8870000/10000000		
8880000/10000000		
8890000/10000000		
8900000/10000000		
8910000/10000000		
8920000/10000000		
8930000/10000000		
8940000/10000000		
8950000/10000000		
8960000/10000000		
8970000/10000000		
8980000/10000000		
8990000/10000000		
9000000/10000000		
9010000/10000000		
9020000/10000000		
9030000/10000000		
9040000/10000000		
9050000/10000000		
9060000/10000000		
9070000/10000000		
9080000/10000000		
9090000/10000000		
9100000/10000000		
9110000/10000000		
9120000/10000000		
9130000/10000000		
9140000/10000000		
9150000/10000000		
9160000/10000000		
9170000/10000000		
9180000/10000000		
9190000/10000000		
9200000/10000000		
9210000/10000000		
9220000/10000000		
9230000/10000000		
9240000/10000000		
9250000/10000000		
9260000/10000000		
9270000/10000000		
9280000/10000000		
9290000/10000000		
9300000/10000000		
9310000/10000000		
9320000/10000000		
9330000/10000000		
9340000/10000000		
9350000/10000000		
9360000/10000000		
9370000/10000000		
9380000/10000000		
9390000/10000000		
9400000/10000000		
9410000/10000000		
9420000/10000000		
9430000/10000000		
9440000/10000000		
9450000/10000000		
9460000/10000000		
9470000/10000000		
9480000/10000000		
9490000/10000000		
9500000/10000000		
9510000/10000000		
9520000/10000000		
9530000/10000000		
9540000/10000000		
9550000/10000000		
9560000/10000000		
9570000/10000000		
9580000/10000000		
9590000/10000000		
9600000/10000000		
9610000/10000000		
9620000/10000000		
9630000/10000000		
9640000/10000000		
9650000/10000000		
9660000/10000000		
9670000/10000000		
9680000/10000000		
9690000/10000000		
9700000/10000000		
9710000/10000000		
9720000/10000000		
9730000/10000000		
9740000/10000000		
9750000/10000000		
9760000/10000000		
9770000/10000000		
9780000/10000000		
9790000/10000000		
9800000/10000000		
9810000/10000000		
9820000/10000000		
9830000/10000000		
9840000/10000000		
9850000/10000000		
9860000/10000000		
9870000/10000000		
9880000/10000000		
9890000/10000000		
9900000/10000000		
9910000/10000000		
9920000/10000000		
9930000/10000000		
9940000/10000000		
9950000/10000000		
9960000/10000000		
9970000/10000000		
9980000/10000000		
9990000/10000000		
 Run terminated.
Run Summary
  Number of events processed : 10000000
  User=575.580000s Real=582.227176s Sys=4.010000s

******************************************************************************
*Tree    :cathode   :                                                        *
*Entries :  1097976 : Total =         8812087 bytes  File  Size =    2792135 *
*        :          : Tree compression factor =   3.15                       *
******************************************************************************
*Br    0 :energy    : energy/D                                               *
*Entries :  1097976 : Total  Size=    8811793 bytes  File Size  =    2792135 *
*Baskets :      275 : Basket Size=      32000 bytes  Compression=   3.15     *
*............................................................................*
******************************************************************************
*Tree    :conversion:                                                        *
*Entries :     1033 : Total =            9232 bytes  File  Size =          0 *
*        :          : Tree compression factor =   1.00                       *
******************************************************************************
*Br    0 :energy    : energy/D                                               *
*Entries :     1033 : Total  Size=       8935 bytes  One basket in memory    *
*Baskets :        0 : Basket Size=      32000 bytes  Compression=   1.00     *
*............................................................................*
******************************************************************************
*Tree    :fr4       :                                                        *
*Entries :  2147714 : Total =        17234127 bytes  File  Size =    4770302 *
*        :          : Tree compression factor =   3.61                       *
******************************************************************************
*Br    0 :energy    : energy/D                                               *
*Entries :  2147714 : Total  Size=   17233837 bytes  File Size  =    4770302 *
*Baskets :      538 : Basket Size=      32000 bytes  Compression=   3.61     *
*............................................................................*
******************************************************************************
*Tree    :gas       :                                                        *
*Entries :   446780 : Total =        25099989 bytes  File  Size =    4565544 *
*        :          : Tree compression factor =   5.45                       *
******************************************************************************
*Br    0 :energy    : energy/D                                               *
*Entries :   446780 : Total  Size=    3585373 bytes  File Size  =    1139050 *
*Baskets :      111 : Basket Size=      32000 bytes  Compression=   3.12     *
*............................................................................*
*Br    1 :positionX : positionX/D                                            *
*Entries :   446780 : Total  Size=    3585724 bytes  File Size  =     686453 *
*Baskets :      111 : Basket Size=      32000 bytes  Compression=   5.17     *
*............................................................................*
*Br    2 :positionY : positionY/D                                            *
*Entries :   446780 : Total  Size=    3585724 bytes  File Size  =     686274 *
*Baskets :      111 : Basket Size=      32000 bytes  Compression=   5.17     *
*............................................................................*
*Br    3 :positionZ : positionZ/D                                            *
*Entries :   446780 : Total  Size=    3585724 bytes  File Size  =      32745 *
*Baskets :      111 : Basket Size=      32000 bytes  Compression= 108.46     *
*............................................................................*
*Br    4 :momentumX : momentumX/D                                            *
*Entries :   446780 : Total  Size=    3585724 bytes  File Size  =     679191 *
*Baskets :      111 : Basket Size=      32000 bytes  Compression=   5.23     *
*............................................................................*
*Br    5 :momentumY : momentumY/D                                            *
*Entries :   446780 : Total  Size=    3585724 bytes  File Size  =     679007 *
*Baskets :      111 : Basket Size=      32000 bytes  Compression=   5.23     *
*............................................................................*
*Br    6 :momentumZ : momentumZ/D                                            *
*Entries :   446780 : Total  Size=    3585724 bytes  File Size  =     662824 *
*Baskets :      111 : Basket Size=      32000 bytes  Compression=   5.36     *
*............................................................................*
******************************************************************************
*Tree    :primary   :                                                        *
*Entries : 10000000 : Total =        80251379 bytes  File  Size =   22864249 *
*        :          : Tree compression factor =   3.51                       *
******************************************************************************
*Br    0 :energy    : energy/D                                               *
*Entries : 10000000 : Total  Size=   80251085 bytes  File Size  =   22864249 *
*Baskets :     2506 : Basket Size=      32000 bytes  Compression=   3.51     *
*............................................................................*
Graphics systems deleted.
Visualization Manager deleting...
G4 kernel has come to Quit state.
================== Deleting memory pools ===================
Number of memory pools allocated: 9; of which, static: 0
Dynamic pools deleted: 9 / Total memory freed: 0.027 MB
============================================================
RunManagerKernel is deleted. Good bye :)
